<?xml version="1.0" encoding="UTF-8"?>
<!-- Generated by org.testng.reporters.JUnitXMLReporter -->
<testsuite hostname="DESKTOP-6TJDKP1" ignored="0" name="Test" tests="3" failures="0" timestamp="2020-04-14T19:34:59 IST" time="13.132" errors="0">
  <testcase name="@BeforeMethod OpenApp" time="12.36" classname="generic.Generic_test">
    <failure type="java.lang.RuntimeException" message="invalid time">
      <![CDATA[java.lang.RuntimeException: invalid time
at generic.FileManager.getImplicityWait(FileManager.java:31)
at generic.Generic_test.OpenApp(Generic_test.java:65)
at java.util.ArrayList.forEach(ArrayList.java:1257)
... Removed 31 stack frames]]>
    </failure>
  </testcase> <!-- @BeforeMethod OpenApp -->
  <testcase name="@AfterMethod closeAppn" time="-1.586873099283E9" classname="generic.Generic_test">
    <skipped/>
  </testcase> <!-- @AfterMethod closeAppn -->
  <testcase name="@BeforeMethod OpenApp" time="-1.586873099289E9" classname="generic.Generic_test">
    <skipped/>
  </testcase> <!-- @BeforeMethod OpenApp -->
  <testcase name="@AfterMethod closeAppn" time="-1.586873099349E9" classname="generic.Generic_test">
    <skipped/>
  </testcase> <!-- @AfterMethod closeAppn -->
  <testcase name="@BeforeMethod OpenApp" time="-1.586873099356E9" classname="generic.Generic_test">
    <skipped/>
  </testcase> <!-- @BeforeMethod OpenApp -->
  <testcase name="@AfterMethod closeAppn" time="-1.586873099362E9" classname="generic.Generic_test">
    <skipped/>
  </testcase> <!-- @AfterMethod closeAppn -->
  <testcase name="login" time="0.0" classname="Regeression_scripts.Flipkart_Login">
    <skipped/>
  </testcase> <!-- login -->
  <testcase name="login" time="0.0" classname="Regeression_scripts.Flipkart_Login">
    <skipped/>
  </testcase> <!-- login -->
  <testcase name="login" time="0.0" classname="Regeression_scripts.Flipkart_Login">
    <skipped/>
  </testcase> <!-- login -->
</testsuite> <!-- Test -->
